#
# A fatal error has been detected by the Java Runtime Environment:
#
#  EXCEPTION_ACCESS_VIOLATION (0xc0000005) at pc=0x000000006334a0a5, pid=46912, tid=0x000000000000bb88
#
# JRE version: Java(TM) SE Runtime Environment (8.0_101-b13) (build 1.8.0_101-b13)
# Java VM: Java HotSpot(TM) 64-Bit Server VM (25.101-b13 mixed mode windows-amd64 compressed oops)
# Problematic frame:
# V  [jvm.dll+0x12a0a5]
#
# Failed to write core dump. Minidumps are not enabled by default on client versions of Windows
#
# If you would like to submit a bug report, please visit:
#   http://bugreport.java.com/bugreport/crash.jsp
#

---------------  T H R E A D  ---------------

Current thread (0x000000001cba7000):  JavaThread "JDWP Transport Listener: dt_socket" daemon [_thread_in_vm, id=48008, stack(0x000000001e540000,0x000000001e640000)]

siginfo: ExceptionCode=0xc0000005, reading address 0x000000000000008f

Registers:
RAX=0x000000001e63f201, RBX=0x000000001cba7000, RCX=0x000000000000008f, RDX=0x0000000000000000
RSP=0x000000001e63f280, RBP=0x000000000000008f, RSI=0x000000001e63f398, RDI=0x0000000003444990
R8 =0x000000001cba7000, R9 =0x0000000000008000, R10=0x0000000000000000, R11=0x00000000227b3c7c
R12=0x0000000000000000, R13=0x000000001cbb1d48, R14=0x0000000000000000, R15=0x0000000000000000
RIP=0x000000006334a0a5, EFLAGS=0x0000000000010202

Top of Stack: (sp=0x000000001e63f280)
0x000000001e63f280:   000000001cba7000 000000001cba7000
0x000000001e63f290:   000000001e63f348 0000000063552f0b
0x000000001e63f2a0:   000000001cba7000 000000006356f76d
0x000000001e63f2b0:   0000000000000000 00000000631b9155
0x000000001e63f2c0:   0000000022348e08 00000000631c291e
0x000000001e63f2d0:   000000001cba7000 0000000000000000
0x000000001e63f2e0:   0000000000000000 0000000000000000
0x000000001e63f2f0:   000000000000008f 00000000631c1a15
0x000000001e63f300:   000000001e63f398 000000001e63f370
0x000000001e63f310:   0000000000000001 0000000022348e08
0x000000001e63f320:   000000000000008f 00000000631a53b3
0x000000001e63f330:   000000001e63f460 0000000000000001
0x000000001e63f340:   0000000000000001 0000000022348e08
0x000000001e63f350:   0000000000000008 0000000000000000
0x000000001e63f360:   0000000000000000 0000000000000000
0x000000001e63f370:   0000000000000001 00000000631a5571 

Instructions: (pc=0x000000006334a0a5)
0x000000006334a085:   cc cc cc cc cc cc cc cc cc cc cc 48 83 ec 28 48
0x000000006334a095:   85 c9 75 07 33 c0 48 83 c4 28 c3 48 89 5c 24 20
0x000000006334a0a5:   48 8b 19 48 85 db 74 20 48 83 fb 37 74 1a 48 8b
0x000000006334a0b5:   13 48 8b cb ff 52 10 84 c0 74 0d 48 8b c3 48 8b 


Register to memory mapping:

RAX=0x000000001e63f201 is pointing into the stack for thread: 0x000000001cba7000
RBX=0x000000001cba7000 is a thread
RCX=0x000000000000008f is an unknown value
RDX=0x0000000000000000 is an unknown value
RSP=0x000000001e63f280 is pointing into the stack for thread: 0x000000001cba7000
RBP=0x000000000000008f is an unknown value
RSI=0x000000001e63f398 is pointing into the stack for thread: 0x000000001cba7000
RDI=0x0000000003444990 is an unknown value
R8 =0x000000001cba7000 is a thread
R9 =0x0000000000008000 is an unknown value
R10=0x0000000000000000 is an unknown value
R11=0x00000000227b3c7c is an unknown value
R12=0x0000000000000000 is an unknown value
R13=0x000000001cbb1d48 is an unknown value
R14=0x0000000000000000 is an unknown value
R15=0x0000000000000000 is an unknown value


Stack: [0x000000001e540000,0x000000001e640000],  sp=0x000000001e63f280,  free space=1020k
Native frames: (J=compiled Java code, j=interpreted, Vv=VM code, C=native code)
V  [jvm.dll+0x12a0a5]
V  [jvm.dll+0x34f76d]
C  [jdwp.dll+0x21a15]
C  [jdwp.dll+0x53b3]
C  [jdwp.dll+0x5571]
C  [jdwp.dll+0xf0a8]
C  [jdwp.dll+0x1f2d5]
C  [jdwp.dll+0x1f4aa]
V  [jvm.dll+0x1bd258]
V  [jvm.dll+0x2451a4]
V  [jvm.dll+0x29c18a]
C  [msvcr100.dll+0x21d9f]
C  [msvcr100.dll+0x21e3b]
C  [KERNEL32.DLL+0x13034]
C  [ntdll.dll+0x71431]


---------------  P R O C E S S  ---------------

Java Threads: ( => current thread )
  0x00000000228c0000 JavaThread "AsyncResolver-bootstrap-executor-0" daemon [_thread_blocked, id=47864, stack(0x00000000275c0000,0x00000000276c0000)]
  0x00000000228c5800 JavaThread "DiscoveryClient-HeartbeatExecutor-0" daemon [_thread_blocked, id=48360, stack(0x00000000274c0000,0x00000000275c0000)]
  0x00000000228c4800 JavaThread "DiscoveryClient-CacheRefreshExecutor-0" daemon [_thread_blocked, id=34852, stack(0x00000000273c0000,0x00000000274c0000)]
  0x0000000022296000 JavaThread "DestroyJavaVM" [_thread_blocked, id=42816, stack(0x0000000003340000,0x0000000003440000)]
  0x0000000022293800 JavaThread "server" [_thread_blocked, id=47524, stack(0x0000000025cb0000,0x0000000025db0000)]
  0x0000000022295000 JavaThread "parallel-1" daemon [_thread_blocked, id=44460, stack(0x0000000025ab0000,0x0000000025bb0000)]
  0x0000000022294800 JavaThread "DiscoveryClient-InstanceInfoReplicator-0" daemon [_thread_blocked, id=50076, stack(0x00000000259b0000,0x0000000025ab0000)]
  0x0000000022292800 JavaThread "DiscoveryClient-1" daemon [_thread_blocked, id=50824, stack(0x00000000258b0000,0x00000000259b0000)]
  0x0000000022298000 JavaThread "DiscoveryClient-0" daemon [_thread_blocked, id=30052, stack(0x00000000257b0000,0x00000000258b0000)]
  0x0000000022299800 JavaThread "AsyncResolver-bootstrap-0" daemon [_thread_blocked, id=48916, stack(0x00000000253b0000,0x00000000254b0000)]
  0x0000000022299000 JavaThread "Eureka-JerseyClient-Conn-Cleaner2" daemon [_thread_blocked, id=45700, stack(0x00000000252b0000,0x00000000253b0000)]
  0x0000000022297800 JavaThread "RxIoScheduler-1 (Evictor)" daemon [_thread_blocked, id=41980, stack(0x0000000024cb0000,0x0000000024db0000)]
  0x000000002048b000 JavaThread "spring.cloud.inetutils" daemon [_thread_blocked, id=50144, stack(0x00000000246b0000,0x00000000247b0000)]
  0x000000002048a800 JavaThread "SimplePauseDetectorThread_0" daemon [_thread_blocked, id=49192, stack(0x00000000244b0000,0x00000000245b0000)]
  0x0000000020487800 JavaThread "Thread-21" daemon [_thread_blocked, id=49044, stack(0x00000000243b0000,0x00000000244b0000)]
  0x0000000020489800 JavaThread "lettuce-eventExecutorLoop-4-1" daemon [_thread_blocked, id=41164, stack(0x00000000242b0000,0x00000000243b0000)]
  0x0000000020488000 JavaThread "lettuce-eventExecutorLoop-2-1" daemon [_thread_blocked, id=25952, stack(0x0000000023fb0000,0x00000000240b0000)]
  0x0000000020486800 JavaThread "ObjectCleanerThread" daemon [_thread_blocked, id=50720, stack(0x0000000023bb0000,0x0000000023cb0000)]
  0x0000000020484800 JavaThread "reactor-http-nio-4" daemon [_thread_in_native, id=51072, stack(0x0000000023ab0000,0x0000000023bb0000)]
  0x0000000020489000 JavaThread "reactor-http-nio-3" daemon [_thread_in_native, id=49380, stack(0x00000000239b0000,0x0000000023ab0000)]
  0x0000000020486000 JavaThread "reactor-http-nio-2" daemon [_thread_in_native, id=43564, stack(0x00000000238b0000,0x00000000239b0000)]
  0x0000000020485000 JavaThread "reactor-http-nio-1" daemon [_thread_in_native, id=5728, stack(0x00000000237b0000,0x00000000238b0000)]
  0x000000001fa18800 JavaThread "RMI Scheduler(0)" daemon [_thread_blocked, id=35440, stack(0x0000000020ce0000,0x0000000020de0000)]
  0x000000001f1fd800 JavaThread "RMI TCP Accept-0" daemon [_thread_in_native, id=34496, stack(0x000000001f660000,0x000000001f760000)]
  0x000000001f1d7000 JavaThread "RMI TCP Accept-58182" daemon [_thread_in_native, id=41904, stack(0x000000001f560000,0x000000001f660000)]
  0x000000001f1d0000 JavaThread "RMI TCP Accept-0" daemon [_thread_in_native, id=32972, stack(0x000000001f460000,0x000000001f560000)]
  0x000000001dff0000 JavaThread "Service Thread" daemon [_thread_blocked, id=50696, stack(0x000000001eb40000,0x000000001ec40000)]
  0x000000001dfd5800 JavaThread "C1 CompilerThread2" daemon [_thread_blocked, id=50644, stack(0x000000001ea40000,0x000000001eb40000)]
  0x000000001cbcc000 JavaThread "C2 CompilerThread1" daemon [_thread_blocked, id=17276, stack(0x000000001e940000,0x000000001ea40000)]
  0x000000001cbc3800 JavaThread "C2 CompilerThread0" daemon [_thread_blocked, id=38372, stack(0x000000001e840000,0x000000001e940000)]
  0x000000001cbb7800 JavaThread "JDWP Command Reader" daemon [_thread_in_native, id=50288, stack(0x000000001e740000,0x000000001e840000)]
  0x000000001cbb4800 JavaThread "JDWP Event Helper Thread" daemon [_thread_blocked, id=46244, stack(0x000000001e640000,0x000000001e740000)]
=>0x000000001cba7000 JavaThread "JDWP Transport Listener: dt_socket" daemon [_thread_in_vm, id=48008, stack(0x000000001e540000,0x000000001e640000)]
  0x000000001cb9a000 JavaThread "Attach Listener" daemon [_thread_blocked, id=18796, stack(0x000000001e440000,0x000000001e540000)]
  0x000000001cb89800 JavaThread "Signal Dispatcher" daemon [_thread_blocked, id=50940, stack(0x000000001e340000,0x000000001e440000)]
  0x000000000353d800 JavaThread "Finalizer" daemon [_thread_blocked, id=40200, stack(0x000000001ddd0000,0x000000001ded0000)]
  0x000000001cb39000 JavaThread "Reference Handler" daemon [_thread_blocked, id=47252, stack(0x000000001dcd0000,0x000000001ddd0000)]

Other Threads:
  0x000000001cb37800 VMThread [stack: 0x000000001dbd0000,0x000000001dcd0000] [id=40060]
  0x000000001f201000 WatcherThread [stack: 0x000000001f760000,0x000000001f860000] [id=44584]

VM state:not at safepoint (normal execution)

VM Mutex/Monitor currently owned by a thread: None

Heap:
 PSYoungGen      total 312832K, used 150408K [0x000000076b500000, 0x0000000780f00000, 0x00000007c0000000)
  eden space 295424K, 45% used [0x000000076b500000,0x00000007736e7e18,0x000000077d580000)
  from space 17408K, 99% used [0x000000077ea00000,0x000000077fafa5b8,0x000000077fb00000)
  to   space 20992K, 0% used [0x000000077d580000,0x000000077d580000,0x000000077ea00000)
 ParOldGen       total 158720K, used 27213K [0x00000006c1e00000, 0x00000006cb900000, 0x000000076b500000)
  object space 158720K, 17% used [0x00000006c1e00000,0x00000006c38937e0,0x00000006cb900000)
 Metaspace       used 54563K, capacity 57252K, committed 57344K, reserved 1097728K
  class space    used 7608K, capacity 8153K, committed 8192K, reserved 1048576K

Card table byte_map: [0x0000000012920000,0x0000000013120000] byte_map_base: 0x000000000f311000

Marking Bits: (ParMarkBitMap*) 0x0000000063a3a6d0
 Begin Bits: [0x0000000013a70000, 0x00000000179f8000)
 End Bits:   [0x00000000179f8000, 0x000000001b980000)

Polling page: 0x0000000001610000

CodeCache: size=245760Kb used=11302Kb max_used=11302Kb free=234457Kb
 bounds [0x0000000003560000, 0x0000000004070000, 0x0000000012560000]
 total_blobs=6068 nmethods=5516 adapters=472
 compilation: enabled

Compilation events (10 events):
Event: 379.883 Thread 0x000000001dfd5800 5646       1       java.lang.Character::isDigit (15 bytes)
Event: 379.883 Thread 0x000000001dfd5800 nmethod 5646 0x000000000406a350 code [0x000000000406a4c0, 0x000000000406a618]
Event: 379.883 Thread 0x000000001dfd5800 5647       1       org.apache.http.util.CharArrayBuffer::<init> (19 bytes)
Event: 379.884 Thread 0x000000001dfd5800 nmethod 5647 0x000000000406a6d0 code [0x000000000406a880, 0x000000000406acf8]
Event: 379.884 Thread 0x000000001dfd5800 5648       1       com.fasterxml.jackson.core.json.UTF8StreamJsonParser::parseMediumName2 (283 bytes)
Event: 379.884 Thread 0x000000001dfd5800 nmethod 5648 0x000000000406b010 code [0x000000000406b220, 0x000000000406b928]
Event: 379.884 Thread 0x000000001dfd5800 5649       1       com.fasterxml.jackson.core.util.TextBuffer::emptyAndGetCurrentSegment (63 bytes)
Event: 379.884 Thread 0x000000001dfd5800 nmethod 5649 0x000000000406c1d0 code [0x000000000406c340, 0x000000000406c618]
Event: 379.884 Thread 0x000000001dfd5800 5650       1       com.netflix.appinfo.InstanceInfo::getStatus (5 bytes)
Event: 379.884 Thread 0x000000001dfd5800 nmethod 5650 0x000000000406c790 code [0x000000000406c8e0, 0x000000000406c9f0]

GC Heap History (10 events):
Event: 5.995 GC heap before
{Heap before GC invocations=8 (full 1):
 PSYoungGen      total 172032K, used 84125K [0x000000076b500000, 0x0000000779080000, 0x00000007c0000000)
  eden space 157696K, 45% used [0x000000076b500000,0x000000076fb1c5d8,0x0000000774f00000)
  from space 14336K, 86% used [0x0000000775e00000,0x0000000776a0af88,0x0000000776c00000)
  to   space 15360K, 0% used [0x0000000774f00000,0x0000000774f00000,0x0000000775e00000)
 ParOldGen       total 103424K, used 10066K [0x00000006c1e00000, 0x00000006c8300000, 0x000000076b500000)
  object space 103424K, 9% used [0x00000006c1e00000,0x00000006c27d4b80,0x00000006c8300000)
 Metaspace       used 34232K, capacity 35464K, committed 35496K, reserved 1079296K
  class space    used 4577K, capacity 4840K, committed 4864K, reserved 1048576K
Event: 6.006 GC heap after
Heap after GC invocations=8 (full 1):
 PSYoungGen      total 173056K, used 14935K [0x000000076b500000, 0x000000077ce00000, 0x00000007c0000000)
  eden space 157696K, 0% used [0x000000076b500000,0x000000076b500000,0x0000000774f00000)
  from space 15360K, 97% used [0x0000000774f00000,0x0000000775d95c50,0x0000000775e00000)
  to   space 17408K, 0% used [0x000000077bd00000,0x000000077bd00000,0x000000077ce00000)
 ParOldGen       total 103424K, used 10074K [0x00000006c1e00000, 0x00000006c8300000, 0x000000076b500000)
  object space 103424K, 9% used [0x00000006c1e00000,0x00000006c27d6b80,0x00000006c8300000)
 Metaspace       used 34232K, capacity 35464K, committed 35496K, reserved 1079296K
  class space    used 4577K, capacity 4840K, committed 4864K, reserved 1048576K
}
Event: 6.006 GC heap before
{Heap before GC invocations=9 (full 2):
 PSYoungGen      total 173056K, used 14935K [0x000000076b500000, 0x000000077ce00000, 0x00000007c0000000)
  eden space 157696K, 0% used [0x000000076b500000,0x000000076b500000,0x0000000774f00000)
  from space 15360K, 97% used [0x0000000774f00000,0x0000000775d95c50,0x0000000775e00000)
  to   space 17408K, 0% used [0x000000077bd00000,0x000000077bd00000,0x000000077ce00000)
 ParOldGen       total 103424K, used 10074K [0x00000006c1e00000, 0x00000006c8300000, 0x000000076b500000)
  object space 103424K, 9% used [0x00000006c1e00000,0x00000006c27d6b80,0x00000006c8300000)
 Metaspace       used 34232K, capacity 35464K, committed 35496K, reserved 1079296K
  class space    used 4577K, capacity 4840K, committed 4864K, reserved 1048576K
Event: 6.061 GC heap after
Heap after GC invocations=9 (full 2):
 PSYoungGen      total 173056K, used 0K [0x000000076b500000, 0x000000077ce00000, 0x00000007c0000000)
  eden space 157696K, 0% used [0x000000076b500000,0x000000076b500000,0x0000000774f00000)
  from space 15360K, 0% used [0x0000000774f00000,0x0000000774f00000,0x0000000775e00000)
  to   space 17408K, 0% used [0x000000077bd00000,0x000000077bd00000,0x000000077ce00000)
 ParOldGen       total 158720K, used 23339K [0x00000006c1e00000, 0x00000006cb900000, 0x000000076b500000)
  object space 158720K, 14% used [0x00000006c1e00000,0x00000006c34cad68,0x00000006cb900000)
 Metaspace       used 34232K, capacity 35464K, committed 35496K, reserved 1079296K
  class space    used 4577K, capacity 4840K, committed 4864K, reserved 1048576K
}
Event: 7.028 GC heap before
{Heap before GC invocations=10 (full 2):
 PSYoungGen      total 173056K, used 157696K [0x000000076b500000, 0x000000077ce00000, 0x00000007c0000000)
  eden space 157696K, 100% used [0x000000076b500000,0x0000000774f00000,0x0000000774f00000)
  from space 15360K, 0% used [0x0000000774f00000,0x0000000774f00000,0x0000000775e00000)
  to   space 17408K, 0% used [0x000000077bd00000,0x000000077bd00000,0x000000077ce00000)
 ParOldGen       total 158720K, used 23339K [0x00000006c1e00000, 0x00000006cb900000, 0x000000076b500000)
  object space 158720K, 14% used [0x00000006c1e00000,0x00000006c34cad68,0x00000006cb900000)
 Metaspace       used 39818K, capacity 41414K, committed 41728K, reserved 1085440K
  class space    used 5395K, capacity 5777K, committed 5888K, reserved 1048576K
Event: 7.035 GC heap after
Heap after GC invocations=10 (full 2):
 PSYoungGen      total 244736K, used 8299K [0x000000076b500000, 0x000000077c580000, 0x00000007c0000000)
  eden space 236032K, 0% used [0x000000076b500000,0x000000076b500000,0x0000000779b80000)
  from space 8704K, 95% used [0x000000077bd00000,0x000000077c51ad58,0x000000077c580000)
  to   space 16896K, 0% used [0x000000077a480000,0x000000077a480000,0x000000077b500000)
 ParOldGen       total 158720K, used 23347K [0x00000006c1e00000, 0x00000006cb900000, 0x000000076b500000)
  object space 158720K, 14% used [0x00000006c1e00000,0x00000006c34ccd68,0x00000006cb900000)
 Metaspace       used 39818K, capacity 41414K, committed 41728K, reserved 1085440K
  class space    used 5395K, capacity 5777K, committed 5888K, reserved 1048576K
}
Event: 10.570 GC heap before
{Heap before GC invocations=11 (full 2):
 PSYoungGen      total 244736K, used 244331K [0x000000076b500000, 0x000000077c580000, 0x00000007c0000000)
  eden space 236032K, 100% used [0x000000076b500000,0x0000000779b80000,0x0000000779b80000)
  from space 8704K, 95% used [0x000000077bd00000,0x000000077c51ad58,0x000000077c580000)
  to   space 16896K, 0% used [0x000000077a480000,0x000000077a480000,0x000000077b500000)
 ParOldGen       total 158720K, used 23347K [0x00000006c1e00000, 0x00000006cb900000, 0x000000076b500000)
  object space 158720K, 14% used [0x00000006c1e00000,0x00000006c34ccd68,0x00000006cb900000)
 Metaspace       used 43806K, capacity 45774K, committed 45952K, reserved 1089536K
  class space    used 5967K, capacity 6403K, committed 6528K, reserved 1048576K
Event: 10.580 GC heap after
Heap after GC invocations=11 (full 2):
 PSYoungGen      total 262144K, used 12656K [0x000000076b500000, 0x000000077fb00000, 0x00000007c0000000)
  eden space 245248K, 0% used [0x000000076b500000,0x000000076b500000,0x000000077a480000)
  from space 16896K, 74% used [0x000000077a480000,0x000000077b0dc1f8,0x000000077b500000)
  to   space 17408K, 0% used [0x000000077ea00000,0x000000077ea00000,0x000000077fb00000)
 ParOldGen       total 158720K, used 23355K [0x00000006c1e00000, 0x00000006cb900000, 0x000000076b500000)
  object space 158720K, 14% used [0x00000006c1e00000,0x00000006c34ced68,0x00000006cb900000)
 Metaspace       used 43806K, capacity 45774K, committed 45952K, reserved 1089536K
  class space    used 5967K, capacity 6403K, committed 6528K, reserved 1048576K
}
Event: 11.736 GC heap before
{Heap before GC invocations=12 (full 2):
 PSYoungGen      total 262144K, used 257904K [0x000000076b500000, 0x000000077fb00000, 0x00000007c0000000)
  eden space 245248K, 100% used [0x000000076b500000,0x000000077a480000,0x000000077a480000)
  from space 16896K, 74% used [0x000000077a480000,0x000000077b0dc1f8,0x000000077b500000)
  to   space 17408K, 0% used [0x000000077ea00000,0x000000077ea00000,0x000000077fb00000)
 ParOldGen       total 158720K, used 23355K [0x00000006c1e00000, 0x00000006cb900000, 0x000000076b500000)
  object space 158720K, 14% used [0x00000006c1e00000,0x00000006c34ced68,0x00000006cb900000)
 Metaspace       used 48747K, capacity 51056K, committed 51328K, reserved 1093632K
  class space    used 6730K, capacity 7223K, committed 7296K, reserved 1048576K
Event: 11.751 GC heap after
Heap after GC invocations=12 (full 2):
 PSYoungGen      total 312832K, used 17385K [0x000000076b500000, 0x0000000780f00000, 0x00000007c0000000)
  eden space 295424K, 0% used [0x000000076b500000,0x000000076b500000,0x000000077d580000)
  from space 17408K, 99% used [0x000000077ea00000,0x000000077fafa5b8,0x000000077fb00000)
  to   space 20992K, 0% used [0x000000077d580000,0x000000077d580000,0x000000077ea00000)
 ParOldGen       total 158720K, used 27213K [0x00000006c1e00000, 0x00000006cb900000, 0x000000076b500000)
  object space 158720K, 17% used [0x00000006c1e00000,0x00000006c38937e0,0x00000006cb900000)
 Metaspace       used 48747K, capacity 51056K, committed 51328K, reserved 1093632K
  class space    used 6730K, capacity 7223K, committed 7296K, reserved 1048576K
}

Deoptimization events (0 events):
No events

Internal exceptions (10 events):
Event: 259.579 Thread 0x00000000228c5800 Exception <a 'java/net/SocketTimeoutException': Read timed out> (0x0000000772dd1758) thrown at [C:\re\workspace\8-2-build-windows-amd64-cygwin\jdk8u101\7261\hotspot\src\share\vm\prims\jni.cpp, line 735]
Event: 259.579 Thread 0x00000000228c4800 Exception <a 'java/net/SocketTimeoutException': Read timed out> (0x0000000772c44c58) thrown at [C:\re\workspace\8-2-build-windows-amd64-cygwin\jdk8u101\7261\hotspot\src\share\vm\prims\jni.cpp, line 735]
Event: 289.849 Thread 0x00000000228c4800 Exception <a 'java/net/SocketTimeoutException': Read timed out> (0x0000000772c59ec0) thrown at [C:\re\workspace\8-2-build-windows-amd64-cygwin\jdk8u101\7261\hotspot\src\share\vm\prims\jni.cpp, line 735]
Event: 289.857 Thread 0x00000000228c5800 Exception <a 'java/net/SocketTimeoutException': Read timed out> (0x0000000772ddf148) thrown at [C:\re\workspace\8-2-build-windows-amd64-cygwin\jdk8u101\7261\hotspot\src\share\vm\prims\jni.cpp, line 735]
Event: 319.864 Thread 0x00000000228c5800 Exception <a 'java/net/SocketTimeoutException': Read timed out> (0x0000000772decb78) thrown at [C:\re\workspace\8-2-build-windows-amd64-cygwin\jdk8u101\7261\hotspot\src\share\vm\prims\jni.cpp, line 735]
Event: 319.864 Thread 0x00000000228c4800 Exception <a 'java/net/SocketTimeoutException': Read timed out> (0x0000000772c6f128) thrown at [C:\re\workspace\8-2-build-windows-amd64-cygwin\jdk8u101\7261\hotspot\src\share\vm\prims\jni.cpp, line 735]
Event: 349.869 Thread 0x00000000228c5800 Exception <a 'java/net/SocketTimeoutException': Read timed out> (0x0000000773586200) thrown at [C:\re\workspace\8-2-build-windows-amd64-cygwin\jdk8u101\7261\hotspot\src\share\vm\prims\jni.cpp, line 735]
Event: 349.869 Thread 0x00000000228c4800 Exception <a 'java/net/SocketTimeoutException': Read timed out> (0x000000077363b6f8) thrown at [C:\re\workspace\8-2-build-windows-amd64-cygwin\jdk8u101\7261\hotspot\src\share\vm\prims\jni.cpp, line 735]
Event: 379.877 Thread 0x00000000228c5800 Exception <a 'java/net/SocketTimeoutException': Read timed out> (0x0000000773593bf0) thrown at [C:\re\workspace\8-2-build-windows-amd64-cygwin\jdk8u101\7261\hotspot\src\share\vm\prims\jni.cpp, line 735]
Event: 379.882 Thread 0x00000000228c4800 Exception <a 'java/net/SocketTimeoutException': Read timed out> (0x0000000773650960) thrown at [C:\re\workspace\8-2-build-windows-amd64-cygwin\jdk8u101\7261\hotspot\src\share\vm\prims\jni.cpp, line 735]

Events (10 events):
Event: 379.882 Thread 0x00000000228c4800 DEOPT PACKING pc=0x0000000003ef1c3c sp=0x00000000274be160
Event: 379.882 Thread 0x00000000228c4800 DEOPT UNPACKING pc=0x00000000035a787f sp=0x00000000274bdeb0 mode 1
Event: 394.884 Executing VM operation: ChangeBreakpoints
Event: 394.884 Executing VM operation: ChangeBreakpoints done
Event: 394.885 Executing VM operation: ChangeBreakpoints
Event: 394.885 Executing VM operation: ChangeBreakpoints done
Event: 394.885 Executing VM operation: ChangeBreakpoints
Event: 394.885 Executing VM operation: ChangeBreakpoints done
Event: 394.893 Executing VM operation: RedefineClasses
Event: 394.919 Executing VM operation: RedefineClasses done


Dynamic libraries:
0x00007ff739610000 - 0x00007ff739647000 	C:\Program Files\Java\jdk8\jdk1.8.0_101\bin\java.exe
0x00007ff8b4b30000 - 0x00007ff8b4d11000 	C:\WINDOWS\SYSTEM32\ntdll.dll
0x00007ff8b4230000 - 0x00007ff8b42e2000 	C:\WINDOWS\System32\KERNEL32.DLL
0x00007ff8b1610000 - 0x00007ff8b1883000 	C:\WINDOWS\System32\KERNELBASE.dll
0x00007ff8b1fc0000 - 0x00007ff8b2061000 	C:\WINDOWS\System32\ADVAPI32.dll
0x00007ff8b23b0000 - 0x00007ff8b244e000 	C:\WINDOWS\System32\msvcrt.dll
0x00007ff8b2ae0000 - 0x00007ff8b2b3b000 	C:\WINDOWS\System32\sechost.dll
0x00007ff8b2220000 - 0x00007ff8b2344000 	C:\WINDOWS\System32\RPCRT4.dll
0x00007ff8b24d0000 - 0x00007ff8b2660000 	C:\WINDOWS\System32\USER32.dll
0x00007ff8b1b80000 - 0x00007ff8b1ba0000 	C:\WINDOWS\System32\win32u.dll
0x00007ff8b4510000 - 0x00007ff8b4538000 	C:\WINDOWS\System32\GDI32.dll
0x00007ff8b1bf0000 - 0x00007ff8b1d82000 	C:\WINDOWS\System32\gdi32full.dll
0x00007ff8b1ae0000 - 0x00007ff8b1b7f000 	C:\WINDOWS\System32\msvcp_win.dll
0x00007ff8b1e10000 - 0x00007ff8b1f0a000 	C:\WINDOWS\System32\ucrtbase.dll
0x00007ff89b1d0000 - 0x00007ff89b439000 	C:\WINDOWS\WinSxS\amd64_microsoft.windows.common-controls_6595b64144ccf1df_6.0.17134.165_none_fb429645306569ac\COMCTL32.dll
0x00007ff8b46e0000 - 0x00007ff8b4a03000 	C:\WINDOWS\System32\combase.dll
0x00007ff8b1d90000 - 0x00007ff8b1e0a000 	C:\WINDOWS\System32\bcryptPrimitives.dll
0x00007ff8b21f0000 - 0x00007ff8b221d000 	C:\WINDOWS\System32\IMM32.DLL
0x0000000063ac0000 - 0x0000000063b92000 	C:\Program Files\Java\jdk8\jdk1.8.0_101\jre\bin\msvcr100.dll
0x0000000063220000 - 0x0000000063aba000 	C:\Program Files\Java\jdk8\jdk1.8.0_101\jre\bin\server\jvm.dll
0x00007ff8b3f80000 - 0x00007ff8b3f88000 	C:\WINDOWS\System32\PSAPI.DLL
0x00007ff8a5a50000 - 0x00007ff8a5a5a000 	C:\WINDOWS\SYSTEM32\VERSION.dll
0x00007ff8aecd0000 - 0x00007ff8aecf3000 	C:\WINDOWS\SYSTEM32\WINMM.dll
0x00007ff899c60000 - 0x00007ff899c69000 	C:\WINDOWS\SYSTEM32\WSOCK32.dll
0x00007ff8b43a0000 - 0x00007ff8b440c000 	C:\WINDOWS\System32\WS2_32.dll
0x00007ff8ae880000 - 0x00007ff8ae8aa000 	C:\WINDOWS\SYSTEM32\winmmbase.dll
0x00007ff8b1ba0000 - 0x00007ff8b1be9000 	C:\WINDOWS\System32\cfgmgr32.dll
0x0000000064c80000 - 0x0000000064c8f000 	C:\Program Files\Java\jdk8\jdk1.8.0_101\jre\bin\verify.dll
0x0000000064c50000 - 0x0000000064c79000 	C:\Program Files\Java\jdk8\jdk1.8.0_101\jre\bin\java.dll
0x00000000631a0000 - 0x00000000631d5000 	C:\Program Files\Java\jdk8\jdk1.8.0_101\jre\bin\jdwp.dll
0x0000000063190000 - 0x0000000063198000 	C:\Program Files\Java\jdk8\jdk1.8.0_101\jre\bin\npt.dll
0x0000000064c30000 - 0x0000000064c46000 	C:\Program Files\Java\jdk8\jdk1.8.0_101\jre\bin\zip.dll
0x00007ff8b2b40000 - 0x00007ff8b3f80000 	C:\WINDOWS\System32\SHELL32.dll
0x00007ff8b42f0000 - 0x00007ff8b4399000 	C:\WINDOWS\System32\shcore.dll
0x00007ff8b0f00000 - 0x00007ff8b160d000 	C:\WINDOWS\System32\windows.storage.dll
0x00007ff8b41d0000 - 0x00007ff8b4221000 	C:\WINDOWS\System32\shlwapi.dll
0x00007ff8b0ea0000 - 0x00007ff8b0eb1000 	C:\WINDOWS\System32\kernel.appcore.dll
0x00007ff8b0ee0000 - 0x00007ff8b0eff000 	C:\WINDOWS\System32\profapi.dll
0x00007ff8b0e50000 - 0x00007ff8b0e9c000 	C:\WINDOWS\System32\powrprof.dll
0x00007ff8b0e40000 - 0x00007ff8b0e4a000 	C:\WINDOWS\System32\FLTLIB.DLL
0x0000000063180000 - 0x0000000063189000 	C:\Program Files\Java\jdk8\jdk1.8.0_101\jre\bin\dt_socket.dll
0x00007ff8b0640000 - 0x00007ff8b06a6000 	C:\WINDOWS\system32\mswsock.dll
0x0000000063210000 - 0x000000006321d000 	C:\Program Files\Java\jdk8\jdk1.8.0_101\jre\bin\management.dll
0x0000000064c10000 - 0x0000000064c2a000 	C:\Program Files\Java\jdk8\jdk1.8.0_101\jre\bin\net.dll
0x0000000064bf0000 - 0x0000000064c01000 	C:\Program Files\Java\jdk8\jdk1.8.0_101\jre\bin\nio.dll
0x00007ff890f40000 - 0x00007ff890f56000 	C:\WINDOWS\system32\napinsp.dll
0x00007ff889120000 - 0x00007ff88913a000 	C:\WINDOWS\system32\pnrpnsp.dll
0x00007ff8ad510000 - 0x00007ff8ad529000 	C:\WINDOWS\system32\NLAapi.dll
0x00007ff8b0400000 - 0x00007ff8b04be000 	C:\WINDOWS\SYSTEM32\DNSAPI.dll
0x00007ff8b40f0000 - 0x00007ff8b40f8000 	C:\WINDOWS\System32\NSI.dll
0x00007ff8b03c0000 - 0x00007ff8b03f8000 	C:\WINDOWS\SYSTEM32\IPHLPAPI.DLL
0x00007ff8991a0000 - 0x00007ff8991ae000 	C:\WINDOWS\System32\winrnr.dll
0x00007ff8a5a40000 - 0x00007ff8a5a4a000 	C:\Windows\System32\rasadhlp.dll
0x00007ff8a6020000 - 0x00007ff8a6092000 	C:\WINDOWS\System32\fwpuclnt.dll
0x00007ff8b0980000 - 0x00007ff8b09a5000 	C:\WINDOWS\SYSTEM32\bcrypt.dll
0x00007ff8b0800000 - 0x00007ff8b0817000 	C:\WINDOWS\SYSTEM32\CRYPTSP.dll
0x00007ff8b0220000 - 0x00007ff8b0253000 	C:\WINDOWS\system32\rsaenh.dll
0x00007ff8b0d40000 - 0x00007ff8b0d68000 	C:\WINDOWS\SYSTEM32\USERENV.dll
0x00007ff8b07f0000 - 0x00007ff8b07fb000 	C:\WINDOWS\SYSTEM32\CRYPTBASE.dll
0x00007ff8aade0000 - 0x00007ff8aadf6000 	C:\WINDOWS\SYSTEM32\dhcpcsvc6.DLL
0x00007ff8aad40000 - 0x00007ff8aad5a000 	C:\WINDOWS\SYSTEM32\dhcpcsvc.DLL
0x00000000631e0000 - 0x0000000063204000 	C:\Program Files\Java\jdk8\jdk1.8.0_101\jre\bin\sunec.dll
0x0000000063170000 - 0x000000006317b000 	C:\Program Files\Java\jdk8\jdk1.8.0_101\jre\bin\sunmscapi.dll
0x00007ff8b18f0000 - 0x00007ff8b1ad2000 	C:\WINDOWS\System32\CRYPT32.dll
0x00007ff8b0ec0000 - 0x00007ff8b0ed2000 	C:\WINDOWS\System32\MSASN1.dll
0x00007ff887650000 - 0x00007ff887819000 	C:\WINDOWS\SYSTEM32\dbghelp.dll

VM Arguments:
jvm_args: -agentlib:jdwp=transport=dt_socket,address=127.0.0.1:58183,suspend=y,server=n -XX:TieredStopAtLevel=1 -Xverify:none -Dspring.output.ansi.enabled=always -Dcom.sun.management.jmxremote -Dcom.sun.management.jmxremote.port=58182 -Dcom.sun.management.jmxremote.authenticate=false -Dcom.sun.management.jmxremote.ssl=false -Dspring.liveBeansView.mbeanDomain -Dspring.application.admin.enabled=true -Dfile.encoding=UTF-8 
java_command: com.xiehua.XiehuaGatewayApplication
java_class_path (initial): C:\Program Files\Java\jdk8\jdk1.8.0_101\jre\lib\charsets.jar;C:\Program Files\Java\jdk8\jdk1.8.0_101\jre\lib\deploy.jar;C:\Program Files\Java\jdk8\jdk1.8.0_101\jre\lib\ext\access-bridge-64.jar;C:\Program Files\Java\jdk8\jdk1.8.0_101\jre\lib\ext\cldrdata.jar;C:\Program Files\Java\jdk8\jdk1.8.0_101\jre\lib\ext\dnsns.jar;C:\Program Files\Java\jdk8\jdk1.8.0_101\jre\lib\ext\jaccess.jar;C:\Program Files\Java\jdk8\jdk1.8.0_101\jre\lib\ext\jfxrt.jar;C:\Program Files\Java\jdk8\jdk1.8.0_101\jre\lib\ext\localedata.jar;C:\Program Files\Java\jdk8\jdk1.8.0_101\jre\lib\ext\nashorn.jar;C:\Program Files\Java\jdk8\jdk1.8.0_101\jre\lib\ext\sunec.jar;C:\Program Files\Java\jdk8\jdk1.8.0_101\jre\lib\ext\sunjce_provider.jar;C:\Program Files\Java\jdk8\jdk1.8.0_101\jre\lib\ext\sunmscapi.jar;C:\Program Files\Java\jdk8\jdk1.8.0_101\jre\lib\ext\sunpkcs11.jar;C:\Program Files\Java\jdk8\jdk1.8.0_101\jre\lib\ext\zipfs.jar;C:\Program Files\Java\jdk8\jdk1.8.0_101\jre\lib\javaws.jar;C:\Program Files\Java\jdk8\jdk1.8.0_101\jre\lib\jce.jar;C:\Program Files\Java\jdk8\jdk1.8.0_101\jre\lib\jfr.jar;C:\Program Files\Java\jdk8\jdk1.8.0_101\jre\lib\jfxswt.jar;C:\Program Files\Java\jdk8\jdk1.8.0_101\jre\lib\jsse.jar;C:\Program Files\Java\jdk8\jdk1.8.0_101\jre\lib\management-agent.jar;C:\Program Files\Java\jdk8\jdk1.8.0_101\jre\lib\plugin.jar;C:\Program Files\Java\jdk8\jdk1.8.0_101\jre\lib\resources.jar;C:\Program Files\Java\jdk8\jdk1.8.0_101\jre\lib\rt.jar;C:\xiehua_gateway\target\classes;C:\Users\jun\.m2\repository\org\springframework\cloud\spring-cloud-starter-gateway\2.0.0.RELEASE\spring-cloud-starter-gateway-2.0.0.RELEASE.jar;C:\Users\jun\.m2\repository\org\springframework\cloud\spring-cloud-starter\2.0.0.RELEASE\spring-cloud-starter-2.0.0.RELEASE.jar;C:\Users\jun\.m2\repository\org\springframework\cloud\spring-cloud-context\2.0.0.RELEASE\spring-cloud-context-2.0.0.RELEASE.jar;C:\Users\jun\.m2\repository\org\springframework\security\spring-security-rsa\1.0.5.RELEASE\spring-sec
Launcher Type: SUN_STANDARD

Environment Variables:
JAVA_HOME=C:\Program Files\Java\jdk8\jdk1.8.0_101
PATH=C:\WINDOWS\system32;C:\WINDOWS;C:\WINDOWS\System32\Wbem;C:\WINDOWS\System32\WindowsPowerShell\v1.0\;C:\Program Files\Git\cmd;C:\Program Files\TortoiseSVN\bin;C:\Program Files\Java\jdk8\jdk1.8.0_101\bin;C:\Program Files\apache-maven-3.5.2\bin;D:\Mr.zhang\back\tools\opencv\build\x64\vc14\bin;C:\Program Files (x86)\Windows Kits\8.1\Windows Performance Toolkit\;C:\Program Files (x86)\GtkSharp\2.12\bin;C:\Program Files\nodejs\;C:\Users\jun\AppData\Local\Programs\Python\Python36;C:\Program Files\apache\apache-ant-1.10.1\bin;C:\WINDOWS\System32\OpenSSH\;C:\Program Files\OpenVPN\bin;C:\Users\jun\AppData\Local\Microsoft\WindowsApps;;C:\Users\jun\AppData\Local\Programs\Fiddler;C:\Users\jun\AppData\Roaming\npm;%USERPROFILE%\AppData\Local\Microsoft\WindowsApps
USERNAME=jun
OS=Windows_NT
PROCESSOR_IDENTIFIER=Intel64 Family 6 Model 158 Stepping 9, GenuineIntel



---------------  S Y S T E M  ---------------

OS: Windows 10.0 , 64 bit Build 17134 (10.0.17134.1)

CPU:total 4 (4 cores per cpu, 1 threads per core) family 6 model 158 stepping 9, cmov, cx8, fxsr, mmx, sse, sse2, sse3, ssse3, sse4.1, sse4.2, popcnt, avx, avx2, aes, clmul, erms, 3dnowpref, lzcnt, tsc, tscinvbit, bmi1, bmi2, adx

Memory: 4k page, physical 16653608k(6895356k free), swap 23821992k(3232516k free)

vm_info: Java HotSpot(TM) 64-Bit Server VM (25.101-b13) for windows-amd64 JRE (1.8.0_101-b13), built on Jun 22 2016 01:21:29 by "java_re" with MS VC++ 10.0 (VS2010)

time: Wed Aug 15 17:32:38 2018
elapsed time: 395 seconds (0d 0h 6m 35s)

